<?xml version="1.0" encoding="UTF-8"?>
<testng-results ignored="1" total="2" passed="1" failed="0" skipped="0">
  <reporter-output>
  </reporter-output>
  <suite started-at="2025-03-07T22:17:13 IST" name="Default suite" finished-at="2025-03-07T22:17:17 IST" duration-ms="3872">
    <groups>
    </groups>
    <test started-at="2025-03-07T22:17:13 IST" name="Default test" finished-at="2025-03-07T22:17:17 IST" duration-ms="3872">
      <class name="test.RestAssured.CreateBookingTests">
        <test-method is-config="true" signature="setUp()[pri:0, instance:test.RestAssured.CreateBookingTests@409bf450]" started-at="2025-03-07T22:17:13 IST" name="setUp" finished-at="2025-03-07T22:17:14 IST" duration-ms="572" status="PASS">
          <reporter-output>
          </reporter-output>
        </test-method> <!-- setUp -->
        <test-method signature="createBookingWithPOJOTest()[pri:0, instance:test.RestAssured.CreateBookingTests@409bf450]" started-at="2025-03-07T22:17:14 IST" name="createBookingWithPOJOTest" finished-at="2025-03-07T22:17:17 IST" duration-ms="3263" status="PASS">
          <reporter-output>
          </reporter-output>
        </test-method> <!-- createBookingWithPOJOTest -->
      </class> <!-- test.RestAssured.CreateBookingTests -->
    </test> <!-- Default test -->
  </suite> <!-- Default suite -->
</testng-results>
