<?xml version="1.0" encoding="UTF-8"?>
<!-- Generated by org.testng.reporters.JUnitXMLReporter -->
<testsuite ignored="1" hostname="LAPTOP-TP226488" failures="0" tests="1" name="Default test" time="3.872" errors="0" timestamp="2025-03-07T22:17:17 IST">
  <testcase classname="test.RestAssured.CreateBookingTests" name="createBookingWithPOJOTest" time="3.263"/>
  <testcase classname="test.RestAssured.CreateBookingTests" name="createBookingTest" time="0.0">
    <ignored/>
  </testcase> <!-- createBookingTest -->
</testsuite> <!-- Default test -->
